<?xml version="1.0" encoding="UTF-8"?>
<!-- Generated by org.testng.reporters.JUnitReportReporter -->
<testsuite hostname="Thevindus-MacBook-Air.local" failures="0" tests="1" name="com.itlearn.testcases.SearchTestcases" time="2.650" errors="0" timestamp="2025-04-03T16:54:07 IST" skipped="0">
  <testcase classname="com.itlearn.testcases.SearchTestcases" name="searchCoursetestcase" time="2.650"/>
</testsuite> <!-- com.itlearn.testcases.SearchTestcases -->
