<?xml version="1.0" encoding="UTF-8"?>
<!-- Generated by org.testng.reporters.JUnitReportReporter -->
<testsuite hostname="Thevindus-MacBook-Air.local" failures="0" tests="1" name="com.itlearn.testcases.Coursepaymenttestcases" time="11.020" errors="0" timestamp="2025-04-01T11:29:05 IST" skipped="0">
  <testcase classname="com.itlearn.testcases.Coursepaymenttestcases" name="Coursepayment" time="11.020"/>
</testsuite> <!-- com.itlearn.testcases.Coursepaymenttestcases -->
