<?xml version="1.0" encoding="UTF-8"?>
<!-- Generated by org.testng.reporters.JUnitReportReporter -->
<testsuite hostname="Thevindus-MacBook-Air.local" failures="0" tests="1" name="com.itlearn.testcases.testLogin" time="0.349" errors="0" timestamp="2025-03-26T15:34:05 IST" skipped="0">
  <testcase classname="com.itlearn.testcases.testLogin" name="verifyLogin" time="0.349"/>
</testsuite> <!-- com.itlearn.testcases.testLogin -->
