<?xml version="1.0" encoding="UTF-8"?>
<!-- Generated by org.testng.reporters.JUnitReportReporter -->
<testsuite hostname="Thevindus-MacBook-Air.local" failures="0" tests="1" name="com.itlearn.testcases.testCaseDemo" time="0.007" errors="0" timestamp="2025-03-26T12:03:49 IST" skipped="0">
  <testcase classname="com.itlearn.testcases.testCaseDemo" name="testcheck" time="0.007"/>
</testsuite> <!-- com.itlearn.testcases.testCaseDemo -->
